2026-05-11 16:47:34.849  INFO 39724 --- [background-preinit] o.h.validator.internal.util.Version      : HV000001: Hibernate Validator 8.0.1.Final
2026-05-11 16:47:34.900  INFO 39724 --- [main] com.pangruixin.Application               : Starting Application using Java 21.0.7 with PID 39724 (D:\ideaProjects\biyesheji\template\target\classes started by 瑞鑫 in D:\ideaProjects\biyesheji\template)
2026-05-11 16:47:34.901  INFO 39724 --- [main] com.pangruixin.Application               : No active profile set, falling back to 1 default profile: "default"
2026-05-11 16:47:35.997  INFO 39724 --- [main] .s.d.r.c.RepositoryConfigurationDelegate : Multiple Spring Data modules found, entering strict repository configuration mode
2026-05-11 16:47:36.001  INFO 39724 --- [main] .s.d.r.c.RepositoryConfigurationDelegate : Bootstrapping Spring Data Redis repositories in DEFAULT mode.
2026-05-11 16:47:36.036  INFO 39724 --- [main] .s.d.r.c.RepositoryConfigurationDelegate : Finished Spring Data repository scanning in 17 ms. Found 0 Redis repository interfaces.
2026-05-11 16:47:37.300  INFO 39724 --- [main] o.s.b.w.embedded.tomcat.TomcatWebServer  : Tomcat initialized with port 8080 (http)
2026-05-11 16:47:37.317  INFO 39724 --- [main] o.a.coyote.http11.Http11NioProtocol      : Initializing ProtocolHandler ["http-nio-8080"]
2026-05-11 16:47:37.320  INFO 39724 --- [main] o.apache.catalina.core.StandardService   : Starting service [Tomcat]
2026-05-11 16:47:37.321  INFO 39724 --- [main] o.apache.catalina.core.StandardEngine    : Starting Servlet engine: [Apache Tomcat/10.1.18]
2026-05-11 16:47:37.446  INFO 39724 --- [main] o.a.c.c.C.[Tomcat].[localhost].[/]       : Initializing Spring embedded WebApplicationContext
2026-05-11 16:47:37.447  INFO 39724 --- [main] w.s.c.ServletWebServerApplicationContext : Root WebApplicationContext: initialization completed in 2502 ms
2026-05-11 16:47:38.010  INFO 39724 --- [main] c.g.y.a.MybatisPlusJoinAutoConfiguration : MPJSqlInjector init
2026-05-11 16:47:38.557  WARN 39724 --- [main] c.b.m.core.metadata.TableInfoHelper      : Can not find table primary key in Class: "com.pangruixin.domain.UserRole".
2026-05-11 16:47:38.557  WARN 39724 --- [main] c.g.yulichang.injector.MPJSqlInjector    : class com.pangruixin.domain.UserRole ,Not found @TableId annotation, Cannot use Mybatis-Plus 'xxById' Method.
2026-05-11 16:47:38.762  WARN 39724 --- [main] c.b.m.core.metadata.TableInfoHelper      : Can not find table primary key in Class: "com.pangruixin.domain.RoleMenu".
2026-05-11 16:47:38.763  WARN 39724 --- [main] c.g.yulichang.injector.MPJSqlInjector    : class com.pangruixin.domain.RoleMenu ,Not found @TableId annotation, Cannot use Mybatis-Plus 'xxById' Method.
2026-05-11 16:47:40.558  INFO 39724 --- [main] o.s.b.a.e.web.EndpointLinksResolver      : Exposing 1 endpoint(s) beneath base path '/actuator'
2026-05-11 16:47:40.577  WARN 39724 --- [main] c.b.m.core.metadata.TableInfoHelper      : Can not find table primary key in Class: "com.pangruixin.domain.dto.UserSearchDto".
2026-05-11 16:47:40.577  WARN 39724 --- [main] c.g.yulichang.injector.MPJSqlInjector    : class com.pangruixin.domain.dto.UserSearchDto ,Not found @TableId annotation, Cannot use Mybatis-Plus 'xxById' Method.
2026-05-11 16:47:40.634  INFO 39724 --- [main] o.a.coyote.http11.Http11NioProtocol      : Starting ProtocolHandler ["http-nio-8080"]
2026-05-11 16:47:40.770  INFO 39724 --- [main] o.s.b.w.embedded.tomcat.TomcatWebServer  : Tomcat started on port 8080 (http) with context path ''
2026-05-11 16:47:40.780  INFO 39724 --- [main] com.pangruixin.Application               : Started Application in 6.506 seconds (process running for 7.038)
2026-05-11 16:50:27.384  INFO 39724 --- [http-nio-8080-exec-1] o.a.c.c.C.[Tomcat].[localhost].[/]       : Initializing Spring DispatcherServlet 'dispatcherServlet'
2026-05-11 16:50:27.384  INFO 39724 --- [http-nio-8080-exec-1] o.s.web.servlet.DispatcherServlet        : Initializing Servlet 'dispatcherServlet'
2026-05-11 16:50:27.385  INFO 39724 --- [http-nio-8080-exec-1] o.s.web.servlet.DispatcherServlet        : Completed initialization in 1 ms
2026-05-11 22:06:31.802  INFO 39724 --- [http-nio-8080-exec-5] com.alibaba.druid.pool.DruidDataSource   : {dataSource-1} inited
